<?xml version='1.0' encoding='UTF-8'?>
<testsuite hostname="MRUVZ250004-806" name="otus.architect.StringStackTest" tests="10" errors="0" failures="0" skipped="0" time="0.028" timestamp="2020-04-01T23:32:58">
                     <properties>
[...]
</properties>
                     <testcase classname="otus.architect.StringStackTest" name="create empty stack" time="0.023">
                                                 
                                               </testcase><testcase classname="otus.architect.StringStackTest" name="create fixed size stack, check is empty" time="0.001">
                                                 
                                               </testcase><testcase classname="otus.architect.StringStackTest" name="create fixed size stack, check size" time="0.001">
                                                 
                                               </testcase><testcase classname="otus.architect.StringStackTest" name="check push to stack" time="0.001">
                                                 
                                               </testcase><testcase classname="otus.architect.StringStackTest" name="check push to full stack" time="0.001">
                                                 
                                               </testcase><testcase classname="otus.architect.StringStackTest" name="check pop from stack" time="0.0">
                                                 
                                               </testcase><testcase classname="otus.architect.StringStackTest" name="check pop from full stack" time="0.0">
                                                 
                                               </testcase><testcase classname="otus.architect.StringStackTest" name="check peek from stack" time="0.0">
                                                 
                                               </testcase><testcase classname="otus.architect.StringStackTest" name="get elements from stack" time="0.0">
                                                 
                                               </testcase><testcase classname="otus.architect.StringStackTest" name="check push MyString and MyStringArray" time="0.001">
                                                 
                                               </testcase>
                     <system-out><![CDATA[]]></system-out>
                     <system-err><![CDATA[]]></system-err>
                   </testsuite>